<?xml version="1.0" encoding="UTF-8"?>
<testsuite name="TopMenu Test"
           tests="3"
           failures="0"
           errors="0"
           skipped="0"
           time="62.836">
  <properties />
  
  
            <testcase name="verifyUserShouldNavigateToComponentsPageSuccessfully" time="20.964" classname="com.tutorialsninja.demo.testsuite.TopMenuTest" />
                <testcase name="verifyUserShouldNavigateToLaptopsAndNotebooksPageSuccessfully" time="20.863" classname="com.tutorialsninja.demo.testsuite.TopMenuTest" />
                <testcase name="verifyUserShouldNavigateToDesktopsPageSuccessfully" time="21.009" classname="com.tutorialsninja.demo.testsuite.TopMenuTest" />
      
</testsuite>
