<?xml version="1.0" encoding="UTF-8"?>
<testsuite name="TopMenu Test"
           tests="4"
           failures="2"
           errors="0"
           skipped="0"
           time="4.849">
  <properties />
            <testcase name="verifyThatUserShouldLoginAndLogoutSuccessfully" time="2.248" classname="com.tutorialsninja.demo.testsuite.MyAccountsTest">
                <failure type="java.lang.NullPointerException"
                  message="Cannot invoke &quot;Object.toString()&quot; because &quot;this.accountLogoutText&quot; is null"
              >
<![CDATA[java.lang.NullPointerException: Cannot invoke "Object.toString()" because "this.accountLogoutText" is null
  com.tutorialsninja.demo.pages.MyAccountRegisterPage.getAccountLogoutText(MyAccountRegisterPage.java:156)
  com.tutorialsninja.demo.testsuite.MyAccountsTest.verifyThatUserShouldLoginAndLogoutSuccessfully(MyAccountsTest.java:99)
  java.base/jdk.internal.reflect.NativeMethodAccessorImpl.invoke0(Native Method)
  java.base/jdk.internal.reflect.NativeMethodAccessorImpl.invoke(NativeMethodAccessorImpl.java:77)
  java.base/jdk.internal.reflect.DelegatingMethodAccessorImpl.invoke(DelegatingMethodAccessorImpl.java:43)
  java.base/java.lang.reflect.Method.invoke(Method.java:568)
  org.testng.internal.invokers.MethodInvocationHelper.invokeMethod(MethodInvocationHelper.java:139)
  org.testng.internal.invokers.TestInvoker.invokeMethod(TestInvoker.java:664)
  org.testng.internal.invokers.TestInvoker.invokeTestMethod(TestInvoker.java:227)
  org.testng.internal.invokers.MethodRunner.runInSequence(MethodRunner.java:50)
  org.testng.internal.invokers.TestInvoker$MethodInvocationAgent.invoke(TestInvoker.java:957)
  org.testng.internal.invokers.TestInvoker.invokeTestMethods(TestInvoker.java:200)
  org.testng.internal.invokers.TestMethodWorker.invokeTestMethods(TestMethodWorker.java:148)
  org.testng.internal.invokers.TestMethodWorker.run(TestMethodWorker.java:128)
  java.base/java.util.ArrayList.forEach(ArrayList.java:1511)
  org.testng.TestRunner.privateRun(TestRunner.java:848)
  org.testng.TestRunner.run(TestRunner.java:621)
  org.testng.SuiteRunner.runTest(SuiteRunner.java:443)
  org.testng.SuiteRunner.runSequentially(SuiteRunner.java:437)
  org.testng.SuiteRunner.privateRun(SuiteRunner.java:397)
  org.testng.SuiteRunner.run(SuiteRunner.java:336)
  org.testng.SuiteRunnerWorker.runSuite(SuiteRunnerWorker.java:52)
  org.testng.SuiteRunnerWorker.run(SuiteRunnerWorker.java:95)
  org.testng.TestNG.runSuitesSequentially(TestNG.java:1280)
  org.testng.TestNG.runSuitesLocally(TestNG.java:1200)
  org.testng.TestNG.runSuites(TestNG.java:1114)
  org.testng.TestNG.run(TestNG.java:1082)
  com.intellij.rt.testng.IDEARemoteTestNG.run(IDEARemoteTestNG.java:66)
  com.intellij.rt.testng.RemoteTestNGStarter.main(RemoteTestNGStarter.java:105)
]]>
      </failure>

          </testcase>
            <testcase name="verifyThatUserRegisterAccountSuccessfully" time="0.929" classname="com.tutorialsninja.demo.testsuite.MyAccountsTest">
                <failure type="java.lang.NullPointerException"
                  message="Cannot invoke &quot;Object.toString()&quot; because &quot;this.firstName&quot; is null"
              >
<![CDATA[java.lang.NullPointerException: Cannot invoke "Object.toString()" because "this.firstName" is null
  com.tutorialsninja.demo.pages.MyAccountRegisterPage.enterFirstName(MyAccountRegisterPage.java:68)
  com.tutorialsninja.demo.testsuite.MyAccountsTest.verifyThatUserRegisterAccountSuccessfully(MyAccountsTest.java:50)
  java.base/jdk.internal.reflect.NativeMethodAccessorImpl.invoke0(Native Method)
  java.base/jdk.internal.reflect.NativeMethodAccessorImpl.invoke(NativeMethodAccessorImpl.java:77)
  java.base/jdk.internal.reflect.DelegatingMethodAccessorImpl.invoke(DelegatingMethodAccessorImpl.java:43)
  java.base/java.lang.reflect.Method.invoke(Method.java:568)
  org.testng.internal.invokers.MethodInvocationHelper.invokeMethod(MethodInvocationHelper.java:139)
  org.testng.internal.invokers.TestInvoker.invokeMethod(TestInvoker.java:664)
  org.testng.internal.invokers.TestInvoker.invokeTestMethod(TestInvoker.java:227)
  org.testng.internal.invokers.MethodRunner.runInSequence(MethodRunner.java:50)
  org.testng.internal.invokers.TestInvoker$MethodInvocationAgent.invoke(TestInvoker.java:957)
  org.testng.internal.invokers.TestInvoker.invokeTestMethods(TestInvoker.java:200)
  org.testng.internal.invokers.TestMethodWorker.invokeTestMethods(TestMethodWorker.java:148)
  org.testng.internal.invokers.TestMethodWorker.run(TestMethodWorker.java:128)
  java.base/java.util.ArrayList.forEach(ArrayList.java:1511)
  org.testng.TestRunner.privateRun(TestRunner.java:848)
  org.testng.TestRunner.run(TestRunner.java:621)
  org.testng.SuiteRunner.runTest(SuiteRunner.java:443)
  org.testng.SuiteRunner.runSequentially(SuiteRunner.java:437)
  org.testng.SuiteRunner.privateRun(SuiteRunner.java:397)
  org.testng.SuiteRunner.run(SuiteRunner.java:336)
  org.testng.SuiteRunnerWorker.runSuite(SuiteRunnerWorker.java:52)
  org.testng.SuiteRunnerWorker.run(SuiteRunnerWorker.java:95)
  org.testng.TestNG.runSuitesSequentially(TestNG.java:1280)
  org.testng.TestNG.runSuitesLocally(TestNG.java:1200)
  org.testng.TestNG.runSuites(TestNG.java:1114)
  org.testng.TestNG.run(TestNG.java:1082)
  com.intellij.rt.testng.IDEARemoteTestNG.run(IDEARemoteTestNG.java:66)
  com.intellij.rt.testng.RemoteTestNGStarter.main(RemoteTestNGStarter.java:105)
]]>
      </failure>

          </testcase>
  
  
            <testcase name="verifyUserShouldNavigateToLoginPageSuccessfully" time="0.722" classname="com.tutorialsninja.demo.testsuite.MyAccountsTest" />
                <testcase name="verifyUserShouldNavigateToRegisterPageSuccessfully" time="0.950" classname="com.tutorialsninja.demo.testsuite.MyAccountsTest" />
      
</testsuite>
